\BOOKMARK [0][-]{chapter*.3}{\376\377\000I\000n\000t\000r\000o\000d\000u\000z\000i\000o\000n\000e}{}% 1
\BOOKMARK [0][-]{chapter.1}{\376\377\000T\000i\000t\000o\000l\000o\000\040\000c\000a\000p\000\040\000-\000\040\0001}{}% 2
\BOOKMARK [1][-]{section.1.1}{\376\377\000I\000n\000t\000r\000o\000d\000u\000z\000i\000o\000n\000e}{chapter.1}% 3
\BOOKMARK [0][-]{chapter.2}{\376\377\000S\000t\000a\000t\000o\000\040\000d\000e\000l\000l\000'\000a\000r\000t\000e}{}% 4
\BOOKMARK [1][-]{section.2.1}{\376\377\000C\000o\000n\000c\000e\000t\000t\000i\000\040\000d\000i\000\040\000B\000a\000s\000e}{chapter.2}% 5
\BOOKMARK [2][-]{subsection.2.1.1}{\376\377\000R\000e\000q\000u\000i\000s\000i\000t\000i\000\040\000d\000i\000\040\000u\000n\000a\000\040\000b\000u\000o\000n\000a\000\040\000a\000u\000t\000o\000m\000a\000z\000i\000o\000n\000e}{section.2.1}% 6
\BOOKMARK [1][-]{section.2.2}{\376\377\000P\000a\000n\000o\000r\000a\000m\000i\000c\000a\000\040\000s\000u\000l\000l\000e\000\040\000p\000i\000a\000t\000t\000a\000f\000o\000r\000m\000e\000\040\000p\000r\000i\000n\000c\000i\000p\000a\000l\000i}{chapter.2}% 7
\BOOKMARK [2][-]{subsection.2.2.1}{\376\377\000A\000m\000a\000z\000o\000n\000\040\000A\000l\000e\000x\000a}{section.2.2}% 8
\BOOKMARK [2][-]{subsection.2.2.2}{\376\377\000G\000o\000o\000g\000l\000e\000\040\000H\000o\000m\000e}{section.2.2}% 9
\BOOKMARK [2][-]{subsection.2.2.3}{\376\377\000A\000p\000p\000l\000e\000\040\000C\000a\000s\000a}{section.2.2}% 10
\BOOKMARK [1][-]{section.2.3}{\376\377\000M\000e\000t\000o\000d\000i\000\040\000e\000\040\000A\000p\000p\000l\000i\000c\000a\000z\000i\000o\000n\000i\000\040\000p\000e\000r\000\040\000l\000a\000\040\000C\000r\000e\000a\000z\000i\000o\000n\000e\000\040\000d\000i\000\040\000A\000u\000t\000o\000m\000a\000z\000i\000o\000n\000i}{chapter.2}% 11
\BOOKMARK [2][-]{subsection.2.3.1}{\376\377\000A\000p\000p\000l\000i\000c\000a\000z\000i\000o\000n\000i\000\040\000p\000e\000r\000\040\000i\000l\000\040\000T\000r\000i\000g\000g\000e\000r\000-\000A\000c\000t\000i\000o\000n\000\040\000P\000r\000o\000g\000r\000a\000m\000m\000i\000n\000g}{section.2.3}% 12
\BOOKMARK [2][-]{subsection.2.3.2}{\376\377\000C\000o\000n\000f\000r\000o\000n\000t\000o\000\040\000f\000r\000a\000\040\000l\000e\000\040\000t\000r\000e\000\040\000p\000i\000a\000t\000t\000a\000f\000o\000r\000m\000e}{section.2.3}% 13
\BOOKMARK [2][-]{subsection.2.3.3}{\376\377\000A\000p\000p\000r\000o\000c\000c\000i\000\040\000n\000e\000l\000l\000a\000\040\000l\000e\000t\000t\000e\000r\000a\000t\000u\000r\000a\000\040\000s\000c\000i\000e\000n\000t\000i\000f\000i\000c\000a}{section.2.3}% 14
\BOOKMARK [0][-]{chapter.3}{\376\377\000A\000r\000c\000h\000i\000t\000e\000t\000t\000u\000r\000a\000\040\000d\000e\000l\000\040\000s\000i\000s\000t\000e\000m\000a}{}% 15
\BOOKMARK [1][-]{section.3.1}{\376\377\000I\000n\000t\000r\000o\000d\000u\000z\000i\000o\000n\000e\000\040\000a\000l\000l\000'\000a\000r\000c\000h\000i\000t\000e\000t\000t\000u\000r\000a}{chapter.3}% 16
\BOOKMARK [1][-]{section.3.2}{\376\377\000D\000i\000g\000i\000t\000a\000l\000\040\000T\000w\000i\000n\000\040\000I\000n\000t\000e\000r\000f\000a\000c\000e}{chapter.3}% 17
\BOOKMARK [1][-]{section.3.3}{\376\377\000S\000i\000m\000u\000l\000a\000t\000i\000o\000n\000\040\000M\000a\000n\000a\000g\000e\000m\000e\000n\000t\000\040\000M\000o\000d\000u\000l\000e}{chapter.3}% 18
\BOOKMARK [1][-]{section.3.4}{\376\377\000H\000o\000m\000e\000\040\000A\000s\000s\000i\000s\000t\000a\000n\000t\000\040\000I\000n\000t\000e\000g\000r\000a\000t\000i\000o\000n\000\040\000M\000o\000d\000u\000l\000e}{chapter.3}% 19
\BOOKMARK [1][-]{section.3.5}{\376\377\000C\000o\000n\000f\000i\000g\000u\000r\000a\000t\000i\000o\000n\000\040\000M\000a\000n\000a\000g\000e\000m\000e\000n\000t\000\040\000M\000o\000d\000u\000l\000e}{chapter.3}% 20
\BOOKMARK [1][-]{section.3.6}{\376\377\000D\000a\000t\000a\000\040\000A\000n\000a\000l\000y\000s\000i\000s\000\040\000M\000o\000d\000u\000l\000e}{chapter.3}% 21
\BOOKMARK [1][-]{section.3.7}{\376\377\000S\000m\000a\000r\000t\000\040\000H\000o\000m\000e\000\040\000e\000\040\000H\000o\000m\000e\000\040\000A\000s\000s\000i\000s\000t\000a\000n\000t}{chapter.3}% 22
\BOOKMARK [1][-]{section.3.8}{\376\377\000D\000e\000f\000i\000n\000i\000z\000i\000o\000n\000e\000\040\000d\000e\000l\000l\000e\000\040\000a\000u\000t\000o\000m\000a\000z\000i\000o\000n\000i\000\040\000d\000a\000\040\000p\000a\000r\000t\000e\000\040\000d\000e\000l\000l\000'\000u\000t\000e\000n\000t\000e}{chapter.3}% 23
\BOOKMARK [0][-]{chapter.4}{\376\377\000P\000r\000o\000g\000e\000t\000t\000a\000z\000i\000o\000n\000e\000\040\000e\000\040\000i\000m\000p\000l\000e\000m\000e\000n\000t\000a\000z\000i\000o\000n\000e\000\040\000d\000e\000l\000\040\000s\000i\000s\000t\000e\000m\000a}{}% 24
\BOOKMARK [1][-]{section.4.1}{\376\377\000R\000e\000q\000u\000i\000s\000i\000t\000i\000\040\000e\000\040\000p\000r\000i\000n\000c\000i\000p\000i\000\040\000g\000u\000i\000d\000a}{chapter.4}% 25
\BOOKMARK [1][-]{section.4.2}{\376\377\000P\000r\000o\000c\000e\000s\000s\000o\000\040\000d\000i\000\040\000p\000r\000o\000g\000e\000t\000t\000a\000z\000i\000o\000n\000e\000\040\000d\000e\000l\000l\000'\000i\000n\000t\000e\000r\000f\000a\000c\000c\000i\000a}{chapter.4}% 26
\BOOKMARK [2][-]{subsection.4.2.1}{\376\377\000C\000a\000s\000i\000\040\000d\000'\000u\000s\000o\000\040\000e\000\040\000s\000c\000e\000n\000a\000r\000i}{section.4.2}% 27
\BOOKMARK [2][-]{subsection.4.2.2}{\376\377\000P\000r\000o\000t\000o\000t\000i\000p\000a\000z\000i\000o\000n\000e\000\040\000e\000\040\000d\000e\000s\000i\000g\000n\000\040\000s\000y\000s\000t\000e\000m}{section.4.2}% 28
\BOOKMARK [1][-]{section.4.3}{\376\377\000A\000r\000c\000h\000i\000t\000e\000t\000t\000u\000r\000a\000\040\000a\000p\000p\000l\000i\000c\000a\000t\000i\000v\000a\000\040\000f\000r\000o\000n\000t\000-\000e\000n\000d}{chapter.4}% 29
\BOOKMARK [2][-]{subsection.4.3.1}{\376\377\000S\000t\000r\000u\000t\000t\000u\000r\000a\000z\000i\000o\000n\000e\000\040\000d\000e\000i\000\040\000c\000o\000m\000p\000o\000n\000e\000n\000t\000i}{section.4.3}% 30
\BOOKMARK [1][-]{section.4.4}{\376\377\000I\000n\000t\000e\000g\000r\000a\000z\000i\000o\000n\000e\000\040\000c\000o\000n\000\040\000i\000\040\000s\000e\000r\000v\000i\000z\000i\000\040\000b\000a\000c\000k\000e\000n\000d}{chapter.4}% 31
\BOOKMARK [1][-]{section.4.5}{\376\377\000I\000m\000p\000l\000e\000m\000e\000n\000t\000a\000z\000i\000o\000n\000e\000\040\000d\000e\000l\000l\000'\000i\000n\000t\000e\000r\000f\000a\000c\000c\000i\000a}{chapter.4}% 32
\BOOKMARK [2][-]{subsection.4.5.1}{\376\377\000D\000a\000s\000h\000b\000o\000a\000r\000d}{section.4.5}% 33
\BOOKMARK [2][-]{subsection.4.5.2}{\376\377\000S\000e\000z\000i\000o\000n\000e\000\040\000A\000u\000t\000o\000m\000a\000t\000i\000o\000n\000s}{section.4.5}% 34
\BOOKMARK [2][-]{subsection.4.5.3}{\376\377\000C\000o\000n\000f\000i\000g\000u\000r\000a\000z\000i\000o\000n\000e\000\040\000e\000\040\000p\000r\000e\000f\000e\000r\000e\000n\000z\000e}{section.4.5}% 35
\BOOKMARK [1][-]{section.4.6}{\376\377\000I\000m\000p\000l\000e\000m\000e\000n\000t\000a\000z\000i\000o\000n\000e\000\040\000d\000e\000l\000\040\000b\000u\000i\000l\000d\000e\000r\000\040\000d\000i\000\040\000a\000u\000t\000o\000m\000a\000z\000i\000o\000n\000i}{chapter.4}% 36
\BOOKMARK [2][-]{subsection.4.6.1}{\376\377\000M\000o\000t\000i\000v\000a\000z\000i\000o\000n\000i\000\040\000p\000r\000o\000g\000e\000t\000t\000u\000a\000l\000i}{section.4.6}% 37
\BOOKMARK [2][-]{subsection.4.6.2}{\376\377\000F\000l\000u\000s\000s\000o\000\040\000d\000i\000\040\000i\000m\000p\000l\000e\000m\000e\000n\000t\000a\000z\000i\000o\000n\000e}{section.4.6}% 38
\BOOKMARK [1][-]{section.4.7}{\376\377\000S\000t\000r\000a\000t\000e\000g\000i\000e\000\040\000d\000i\000\040\000v\000e\000r\000i\000f\000i\000c\000a\000\040\000e\000\040\000i\000t\000e\000r\000a\000z\000i\000o\000n\000e}{chapter.4}% 39
\BOOKMARK [1][-]{section.4.8}{\376\377\000S\000i\000n\000t\000e\000s\000i}{chapter.4}% 40
\BOOKMARK [0][-]{chapter*.31}{\376\377\000C\000o\000n\000c\000l\000u\000s\000i\000o\000n\000i}{}% 41
